[debug] [2021-04-12T06:46:45.409Z] ----------------------------------------------------------------------
[debug] [2021-04-12T06:46:45.413Z] Command:       C:\Program Files\nodejs\node.exe C:\Users\Admin\AppData\Roaming\npm\node_modules\firebase-tools\lib\bin\firebase.js init
[debug] [2021-04-12T06:46:45.413Z] CLI Version:   9.9.0
[debug] [2021-04-12T06:46:45.414Z] Platform:      win32
[debug] [2021-04-12T06:46:45.414Z] Node Version:  v15.3.0
[debug] [2021-04-12T06:46:45.415Z] Time:          Mon Apr 12 2021 13:46:45 GMT+0700 (Indochina Time)
[debug] [2021-04-12T06:46:45.415Z] ----------------------------------------------------------------------
[debug] 
[debug] [2021-04-12T06:46:45.425Z] > command requires scopes: ["email","openid","https://www.googleapis.com/auth/cloudplatformprojects.readonly","https://www.googleapis.com/auth/firebase","https://www.googleapis.com/auth/cloud-platform"]
[debug] [2021-04-12T06:46:45.426Z] > authorizing via signed-in user (thanhltph08395@fpt.edu.vn)
[info] 
     ######## #### ########  ######## ########     ###     ######  ########
     ##        ##  ##     ## ##       ##     ##  ##   ##  ##       ##
     ######    ##  ########  ######   ########  #########  ######  ######
     ##        ##  ##    ##  ##       ##     ## ##     ##       ## ##
     ##       #### ##     ## ######## ########  ##     ##  ######  ########

You're about to initialize a Firebase project in this directory:

  D:\GITHUB\angular

Before we get started, keep in mind:

  * You are initializing in an existing Firebase project directory

[info] 
=== Project Setup
[info] 
[info] First, let's associate this project directory with a Firebase project.
[info] You can create multiple project aliases by running firebase use --add, 
[info] but for now we'll just set up a default project.
[info] 
[info] i  If you want to create a project in a Google Cloud organization or folder, please use "firebase projects:create" instead, and return to this command when you've created the project. 
[debug] [2021-04-12T06:47:15.849Z] >>> HTTP REQUEST POST https://cloudresourcemanager.googleapis.com/v1/projects  
 {"projectId":"assets","name":"587"}
[debug] [2021-04-12T06:47:17.986Z] <<< HTTP RESPONSE 400 {"vary":"X-Origin, Referer, Origin,Accept-Encoding","content-type":"application/json; charset=UTF-8","date":"Mon, 12 Apr 2021 06:47:14 GMT","server":"ESF","cache-control":"private","x-xss-protection":"0","x-frame-options":"SAMEORIGIN","x-content-type-options":"nosniff","server-timing":"gfet4t7; dur=796","alt-svc":"h3-29=\":443\"; ma=2592000,h3-T051=\":443\"; ma=2592000,h3-Q050=\":443\"; ma=2592000,h3-Q046=\":443\"; ma=2592000,h3-Q043=\":443\"; ma=2592000,quic=\":443\"; ma=2592000; v=\"46,43\"","accept-ranges":"none","transfer-encoding":"chunked"}
[debug] [2021-04-12T06:47:17.987Z] <<< HTTP RESPONSE BODY {"error":{"code":400,"message":"field [display_name] has issue [project display name must be at least 4 characters]","status":"INVALID_ARGUMENT","details":[{"@type":"type.googleapis.com/google.rpc.BadRequest","fieldViolations":[{"field":"display_name","description":"project display name must be at least 4 characters"}]},{"@type":"type.googleapis.com/google.rpc.Help","links":[{"url":"https://cloud.google.com/resource-manager/reference/rest/v1/projects"}]}]}}
[debug] [2021-04-12T06:47:19.734Z] FirebaseError: HTTP Error: 400, field [display_name] has issue [project display name must be at least 4 characters]
    at module.exports (C:\Users\Admin\AppData\Roaming\npm\node_modules\firebase-tools\lib\responseToError.js:38:12)
    at Request._callback (C:\Users\Admin\AppData\Roaming\npm\node_modules\firebase-tools\lib\api.js:41:35)
    at Request.self.callback (C:\Users\Admin\AppData\Roaming\npm\node_modules\firebase-tools\node_modules\request\request.js:185:22)
    at Request.emit (node:events:376:20)
    at Request.EventEmitter.emit (node:domain:470:12)
    at Request.<anonymous> (C:\Users\Admin\AppData\Roaming\npm\node_modules\firebase-tools\node_modules\request\request.js:1154:10)
    at Request.emit (node:events:376:20)
    at Request.EventEmitter.emit (node:domain:470:12)
    at IncomingMessage.<anonymous> (C:\Users\Admin\AppData\Roaming\npm\node_modules\firebase-tools\node_modules\request\request.js:1076:12)
    at Object.onceWrapper (node:events:482:28)
    at IncomingMessage.emit (node:events:388:22)
    at IncomingMessage.EventEmitter.emit (node:domain:470:12)
    at endReadableNT (node:internal/streams/readable:1294:12)
    at processTicksAndRejections (node:internal/process/task_queues:80:21)
[error] 
[error] Error: Failed to create project. See firebase-debug.log for more info.
